<?xml version="1.0" encoding="UTF-8"?>
<Site BuildName="(empty)"
	BuildStamp="20240424-0825-Experimental"
	Name="leopham-XPS-9320"
	Generator="ctest-3.16.3"
	CompilerName="/usr/bin/g++"
	CompilerVersion="9.4.0"
	OSName="Linux"
	Hostname="leopham-XPS-9320"
	OSRelease="5.15.0-105-generic"
	OSVersion="#115~20.04.1-Ubuntu SMP Mon Apr 15 17:33:04 UTC 2024"
	OSPlatform="x86_64"
	Is64Bits="1"
	VendorString="GenuineIntel"
	VendorID="Intel Corporation"
	FamilyID="6"
	ModelID="154"
	ProcessorCacheSize="18432"
	NumberOfLogicalCPU="16"
	NumberOfPhysicalCPU="12"
	TotalVirtualMemory="7673"
	TotalPhysicalMemory="15594"
	LogicalProcessorsPerPhysical="1"
	ProcessorClockFrequency="2059.41"
	>
	<Testing>
		<StartDateTime>Apr 24 11:11 CEST</StartDateTime>
		<StartTestTime>1713949869</StartTestTime>
		<TestList/>
		<EndDateTime>Apr 24 11:11 CEST</EndDateTime>
		<EndTestTime>1713949869</EndTestTime>
		<ElapsedMinutes>0</ElapsedMinutes>
	</Testing>
</Site>
